# JRE version: Java(TM) SE Runtime Environment (8.0_161-b12) (build 1.8.0_161-b12)
# Java VM: Java HotSpot(TM) 64-Bit Server VM (25.161-b12 mixed mode windows-amd64 compressed oops)
Heap:
 PSYoungGen      total 714752K, used 228680K [0x000000076b500000, 0x000000079de00000, 0x00000007c0000000)
  eden space 668160K, 33% used [0x000000076b500000,0x0000000778c6d520,0x0000000794180000)
  from space 46592K, 17% used [0x0000000794180000,0x0000000794964b00,0x0000000796f00000)
  to   space 45056K, 0% used [0x000000079b200000,0x000000079b200000,0x000000079de00000)
 ParOldGen       total 397312K, used 75432K [0x00000006c1e00000, 0x00000006da200000, 0x000000076b500000)
  object space 397312K, 18% used [0x00000006c1e00000,0x00000006c67aa2d0,0x00000006da200000)
 Metaspace       used 88288K, capacity 89562K, committed 89880K, reserved 1126400K
  class space    used 12025K, capacity 12248K, committed 12328K, reserved 1048576K
GC Heap History (10 events):
Event: 67.791 GC heap before
{Heap before GC invocations=27 (full 4):
 PSYoungGen      total 703488K, used 663968K [0x000000076b500000, 0x0000000799d00000, 0x00000007c0000000)
  eden space 656384K, 100% used [0x000000076b500000,0x0000000793600000,0x0000000793600000)
  from space 47104K, 16% used [0x0000000796f00000,0x0000000797668000,0x0000000799d00000)
  to   space 52736K, 0% used [0x0000000793600000,0x0000000793600000,0x0000000796980000)
 ParOldGen       total 397312K, used 75424K [0x00000006c1e00000, 0x00000006da200000, 0x000000076b500000)
  object space 397312K, 18% used [0x00000006c1e00000,0x00000006c67a82d0,0x00000006da200000)
 Metaspace       used 88149K, capacity 89444K, committed 89624K, reserved 1126400K
  class space    used 12003K, capacity 12239K, committed 12328K, reserved 1048576K
Event: 67.797 GC heap after
Heap after GC invocations=27 (full 4):
 PSYoungGen      total 709120K, used 11994K [0x000000076b500000, 0x0000000799d00000, 0x00000007c0000000)
  eden space 656384K, 0% used [0x000000076b500000,0x000000076b500000,0x0000000793600000)
  from space 52736K, 22% used [0x0000000793600000,0x00000007941b68e0,0x0000000796980000)
  to   space 47104K, 0% used [0x0000000796f00000,0x0000000796f00000,0x0000000799d00000)
 ParOldGen       total 397312K, used 75432K [0x00000006c1e00000, 0x00000006da200000, 0x000000076b500000)
  object space 397312K, 18% used [0x00000006c1e00000,0x00000006c67aa2d0,0x00000006da200000)
 Metaspace       used 88149K, capacity 89444K, committed 89624K, reserved 1126400K
  class space    used 12003K, capacity 12239K, committed 12328K, reserved 1048576K
}
Event: 68.861 GC heap before
{Heap before GC invocations=28 (full 4):
 PSYoungGen      total 709120K, used 668378K [0x000000076b500000, 0x0000000799d00000, 0x00000007c0000000)
  eden space 656384K, 100% used [0x000000076b500000,0x0000000793600000,0x0000000793600000)
  from space 52736K, 22% used [0x0000000793600000,0x00000007941b68e0,0x0000000796980000)
  to   space 47104K, 0% used [0x0000000796f00000,0x0000000796f00000,0x0000000799d00000)
 ParOldGen       total 397312K, used 75432K [0x00000006c1e00000, 0x00000006da200000, 0x000000076b500000)
  object space 397312K, 18% used [0x00000006c1e00000,0x00000006c67aa2d0,0x00000006da200000)
 Metaspace       used 88151K, capacity 89444K, committed 89624K, reserved 1126400K
  class space    used 12003K, capacity 12239K, committed 12328K, reserved 1048576K
Event: 68.865 GC heap after
Heap after GC invocations=28 (full 4):
 PSYoungGen      total 703488K, used 8465K [0x000000076b500000, 0x0000000799d00000, 0x00000007c0000000)
  eden space 656384K, 0% used [0x000000076b500000,0x000000076b500000,0x0000000793600000)
  from space 47104K, 17% used [0x0000000796f00000,0x0000000797744560,0x0000000799d00000)
  to   space 52736K, 0% used [0x0000000793600000,0x0000000793600000,0x0000000796980000)
 ParOldGen       total 397312K, used 75432K [0x00000006c1e00000, 0x00000006da200000, 0x000000076b500000)
  object space 397312K, 18% used [0x00000006c1e00000,0x00000006c67aa2d0,0x00000006da200000)
 Metaspace       used 88151K, capacity 89444K, committed 89624K, reserved 1126400K
  class space    used 12003K, capacity 12239K, committed 12328K, reserved 1048576K
}
Event: 70.233 GC heap before
{Heap before GC invocations=29 (full 4):
 PSYoungGen      total 703488K, used 664849K [0x000000076b500000, 0x0000000799d00000, 0x00000007c0000000)
  eden space 656384K, 100% used [0x000000076b500000,0x0000000793600000,0x0000000793600000)
  from space 47104K, 17% used [0x0000000796f00000,0x0000000797744560,0x0000000799d00000)
  to   space 52736K, 0% used [0x0000000793600000,0x0000000793600000,0x0000000796980000)
 ParOldGen       total 397312K, used 75432K [0x00000006c1e00000, 0x00000006da200000, 0x000000076b500000)
  object space 397312K, 18% used [0x00000006c1e00000,0x00000006c67aa2d0,0x00000006da200000)
 Metaspace       used 88152K, capacity 89444K, committed 89624K, reserved 1126400K
  class space    used 12004K, capacity 12239K, committed 12328K, reserved 1048576K
Event: 70.237 GC heap after
Heap after GC invocations=29 (full 4):
 PSYoungGen      total 709120K, used 11198K [0x000000076b500000, 0x0000000799d00000, 0x00000007c0000000)
  eden space 656384K, 0% used [0x000000076b500000,0x000000076b500000,0x0000000793600000)
  from space 52736K, 21% used [0x0000000793600000,0x00000007940efbe0,0x0000000796980000)
  to   space 47104K, 0% used [0x0000000796f00000,0x0000000796f00000,0x0000000799d00000)
 ParOldGen       total 397312K, used 75432K [0x00000006c1e00000, 0x00000006da200000, 0x000000076b500000)
  object space 397312K, 18% used [0x00000006c1e00000,0x00000006c67aa2d0,0x00000006da200000)
 Metaspace       used 88152K, capacity 89444K, committed 89624K, reserved 1126400K
  class space    used 12004K, capacity 12239K, committed 12328K, reserved 1048576K
}
Event: 71.346 GC heap before
{Heap before GC invocations=30 (full 4):
 PSYoungGen      total 709120K, used 667582K [0x000000076b500000, 0x0000000799d00000, 0x00000007c0000000)
  eden space 656384K, 100% used [0x000000076b500000,0x0000000793600000,0x0000000793600000)
  from space 52736K, 21% used [0x0000000793600000,0x00000007940efbe0,0x0000000796980000)
  to   space 47104K, 0% used [0x0000000796f00000,0x0000000796f00000,0x0000000799d00000)
 ParOldGen       total 397312K, used 75432K [0x00000006c1e00000, 0x00000006da200000, 0x000000076b500000)
  object space 397312K, 18% used [0x00000006c1e00000,0x00000006c67aa2d0,0x00000006da200000)
 Metaspace       used 88152K, capacity 89444K, committed 89624K, reserved 1126400K
  class space    used 12004K, capacity 12239K, committed 12328K, reserved 1048576K
Event: 71.351 GC heap after
Heap after GC invocations=30 (full 4):
 PSYoungGen      total 715264K, used 9904K [0x000000076b500000, 0x000000079d700000, 0x00000007c0000000)
  eden space 668160K, 0% used [0x000000076b500000,0x000000076b500000,0x0000000794180000)
  from space 47104K, 21% used [0x0000000796f00000,0x00000007978ac098,0x0000000799d00000)
  to   space 46592K, 0% used [0x0000000794180000,0x0000000794180000,0x0000000796f00000)
 ParOldGen       total 397312K, used 75432K [0x00000006c1e00000, 0x00000006da200000, 0x000000076b500000)
  object space 397312K, 18% used [0x00000006c1e00000,0x00000006c67aa2d0,0x00000006da200000)
 Metaspace       used 88152K, capacity 89444K, committed 89624K, reserved 1126400K
  class space    used 12004K, capacity 12239K, committed 12328K, reserved 1048576K
}
Event: 72.530 GC heap before
{Heap before GC invocations=31 (full 4):
 PSYoungGen      total 715264K, used 678064K [0x000000076b500000, 0x000000079d700000, 0x00000007c0000000)
  eden space 668160K, 100% used [0x000000076b500000,0x0000000794180000,0x0000000794180000)
  from space 47104K, 21% used [0x0000000796f00000,0x00000007978ac098,0x0000000799d00000)
  to   space 46592K, 0% used [0x0000000794180000,0x0000000794180000,0x0000000796f00000)
 ParOldGen       total 397312K, used 75432K [0x00000006c1e00000, 0x00000006da200000, 0x000000076b500000)
  object space 397312K, 18% used [0x00000006c1e00000,0x00000006c67aa2d0,0x00000006da200000)
 Metaspace       used 88153K, capacity 89444K, committed 89624K, reserved 1126400K
  class space    used 12004K, capacity 12239K, committed 12328K, reserved 1048576K
Event: 72.535 GC heap after
Heap after GC invocations=31 (full 4):
 PSYoungGen      total 714752K, used 8082K [0x000000076b500000, 0x000000079de00000, 0x00000007c0000000)
  eden space 668160K, 0% used [0x000000076b500000,0x000000076b500000,0x0000000794180000)
  from space 46592K, 17% used [0x0000000794180000,0x0000000794964b00,0x0000000796f00000)
  to   space 45056K, 0% used [0x000000079b200000,0x000000079b200000,0x000000079de00000)
 ParOldGen       total 397312K, used 75432K [0x00000006c1e00000, 0x00000006da200000, 0x000000076b500000)
  object space 397312K, 18% used [0x00000006c1e00000,0x00000006c67aa2d0,0x00000006da200000)
 Metaspace       used 88153K, capacity 89444K, committed 89624K, reserved 1126400K
  class space    used 12004K, capacity 12239K, committed 12328K, reserved 1048576K
}

